TN:
SF:src/assets/js/main.js
FN:2,(anonymous_0)
FN:4,copyrightYear
FN:16,toggleMobileMenu
FN:23,(anonymous_3)
FN:30,init
FNF:5
FNH:0
FNDA:0,(anonymous_0)
FNDA:0,copyrightYear
FNDA:0,toggleMobileMenu
FNDA:0,(anonymous_3)
FNDA:0,init
DA:2,0
DA:5,0
DA:6,0
DA:7,0
DA:8,0
DA:10,0
DA:11,0
DA:12,0
DA:13,0
DA:14,0
DA:17,0
DA:18,0
DA:19,0
DA:20,0
DA:21,0
DA:23,0
DA:24,0
DA:25,0
DA:26,0
DA:31,0
DA:32,0
DA:35,0
DA:36,0
DA:39,0
LF:24
LH:0
BRDA:6,0,0,0
BRDA:6,0,1,0
BRDA:19,1,0,0
BRDA:19,1,1,0
BRDA:19,2,0,0
BRDA:19,2,1,0
BRDA:35,3,0,0
BRDA:35,3,1,0
BRF:8
BRH:0
end_of_record
TN:
SF:src/assets/js/relatedPosts.js
FN:2,(anonymous_0)
FN:3,(anonymous_1)
FN:10,(anonymous_2)
FN:15,(anonymous_3)
FN:25,(anonymous_4)
FN:29,(anonymous_5)
FNF:6
FNH:6
FNDA:25,(anonymous_0)
FNDA:37,(anonymous_1)
FNDA:1306,(anonymous_2)
FNDA:801,(anonymous_3)
FNDA:3455,(anonymous_4)
FNDA:84,(anonymous_5)
DA:2,1
DA:3,25
DA:5,37
DA:6,3
DA:8,34
DA:10,1306
DA:15,801
DA:19,34
DA:21,34
DA:22,2
DA:25,3455
DA:26,32
DA:28,32
DA:29,84
DA:31,32
LF:15
LH:15
BRDA:3,0,0,1
BRDA:5,1,0,3
BRDA:5,1,1,34
BRDA:5,2,0,37
BRDA:5,2,1,36
BRDA:5,2,2,36
BRDA:5,2,3,35
BRDA:10,3,0,1306
BRDA:10,3,1,1305
BRDA:10,3,2,1305
BRDA:10,3,3,802
BRDA:15,4,0,801
BRDA:15,4,1,797
BRDA:15,4,2,797
BRDA:19,5,0,26
BRDA:19,5,1,8
BRDA:21,6,0,2
BRDA:21,6,1,32
BRF:18
BRH:18
end_of_record
